<?xml version="1.0" encoding="UTF-8"?>
<robot generator="Robot 7.1.1 (Python 3.9.6 on darwin)" generated="2024-12-06T16:02:40.674670" rpa="false" schemaversion="5">
<suite id="s1" name="Fakestoreapi" source="/Users/jp/Documents/Projects/template-python-api-tests/tests/fakestoreapi.robot">
<test id="s1-t1" name="Verify Get All Products" line="8">
<kw name="When I send a request get to /products" owner="fakestoreapi">
<kw name="When I send a GET request to /products" owner="fakestoreapi_service">
<kw name="Create fakestore session" owner="fakestoreapi_service">
<kw name="Create Session" owner="RequestsLibrary">
<msg time="2024-12-06T16:02:40.997897" level="INFO">Creating Session using : alias=fakestore, url=https://fakestoreapi.com, headers={},                     cookies={}, auth=None, timeout=None, proxies=None, verify=False,                     debug=0 </msg>
<arg>alias=fakestore</arg>
<arg>url=${BASE_URL}</arg>
<arg>disable_warnings=True</arg>
<doc>Create Session: create a HTTP session to a server</doc>
<status status="PASS" start="2024-12-06T16:02:40.996254" elapsed="0.003755"/>
</kw>
<status status="PASS" start="2024-12-06T16:02:40.994622" elapsed="0.005831"/>
</kw>
<kw name="GET On Session" owner="RequestsLibrary">
<msg time="2024-12-06T16:02:41.998212" level="INFO">GET Request : url=https://fakestoreapi.com/products 
 path_url=/products 
 headers={'User-Agent': 'python-requests/2.32.3', 'Accept-Encoding': 'gzip, deflate', 'Accept': '*/*', 'Connection': 'keep-alive'} 
 body=None 
 </msg>
<msg time="2024-12-06T16:02:42.001957" level="INFO">GET Response : url=https://fakestoreapi.com/products 
 status=200, reason=OK 
 headers={'Date': 'Fri, 06 Dec 2024 19:02:41 GMT', 'Content-Type': 'application/json; charset=utf-8', 'Transfer-Encoding': 'chunked', 'Connection': 'keep-alive', 'access-control-allow-origin': '*', 'etag': 'W/"297c-h+n6NsR3M51S6528jZo3BluzvtU"', 'x-powered-by': 'Express', 'cf-cache-status': 'DYNAMIC', 'Report-To': '{"endpoints":[{"url":"https:\\/\\/a.nel.cloudflare.com\\/report\\/v4?s=wU%2BrqT49fb55DAZTewPmacpPdV2mGC%2FUAvhyEgmLfskel4GlPzAUUC8HJqNAyL%2FkF3Bm4iegqd2gtTt4xJaBqiKpchHe5X6vCwexqNh4ZLHzHBpK%2FN2bZp%2FJLNTclwbUUe%2BiDGMNTqjbfUvWHvNX"}],"group":"cf-nel","max_age":604800}', 'NEL': '{"success_fraction":0,"report_to":"cf-nel","max_age":604800}', 'Server': 'cloudflare', 'CF-RAY': '8ede881aac90ca6a-GIG', 'Content-Encoding': 'gzip', 'alt-svc': 'h3=":443"; ma=86400', 'server-timing': 'cfL4;desc="?proto=TCP&amp;rtt=10028&amp;min_rtt=9804&amp;rtt_var=2943&amp;sent=6&amp;recv=7&amp;lost=0&amp;retrans=0&amp;sent_bytes=2832&amp;recv_bytes=473&amp;delivery_rate=390951&amp;cwnd=250&amp;unsent_bytes=0&amp;cid=7bfc9a5c9ae94c6c&amp;ts=764&amp;x=0"'} 
 body=[{"id":1,"title":"Fjallraven - Foldsack No. 1 Backpack, Fits 15 Laptops","price":109.95,"description":"Your perfect pack for everyday use and walks in the forest. Stash your laptop (up to 15 inches) in the padded sleeve, your everyday","category":"men's clothing","image":"https://fakestoreapi.com/img/81fPKd-2AYL._AC_SL1500_.jpg","rating":{"rate":3.9,"count":120}},{"id":2,"title":"Mens Casual Premium Slim Fit T-Shirts ","price":22.3,"description":"Slim-fitting style, contrast raglan long sleeve, three-button henley placket, light weight &amp; soft fabric for breathable and comfortable wearing. And Solid stitched shirts with round neck made for durability and a great fit for casual fashion wear and diehard baseball fans. The Henley style round neckline includes a three-button placket.","category":"men's clothing","image":"https://fakestoreapi.com/img/71-3HjGNDUL._AC_SY879._SX._UX._SY._UY_.jpg","rating":{"rate":4.1,"count":259}},{"id":3,"title":"Mens Cotton Jacket","price":55.99,"description":"great outerwear jackets for Spring/Autumn/Winter, suitable for many occasions, such as working, hiking, camping, mountain/rock climbing, cycling, traveling or other outdoors. Good gift choice for you or your family member. A warm hearted love to Father, husband or son in this thanksgiving or Christmas Day.","category":"men's clothing","image":"https://fakestoreapi.com/img/71li-ujtlUL._AC_UX679_.jpg","rating":{"rate":4.7,"count":500}},{"id":4,"title":"Mens Casual Slim Fit","price":15.99,"description":"The color could be slightly different between on the screen and in practice. / Please note that body builds vary by person, therefore, detailed size information should be reviewed below on the product description.","category":"men's clothing","image":"https://fakestoreapi.com/img/71YXzeOuslL._AC_UY879_.jpg","rating":{"rate":2.1,"count":430}},{"id":5,"title":"John Hardy Women's Legends Naga Gold &amp; Silver Dragon Station Chain Bracelet","price":695,"description":"From our Legends Collection, the Naga was inspired by the mythical water dragon that protects the ocean's pearl. Wear facing inward to be bestowed with love and abundance, or outward for protection.","category":"jewelery","image":"https://fakestoreapi.com/img/71pWzhdJNwL._AC_UL640_QL65_ML3_.jpg","rating":{"rate":4.6,"count":400}},{"id":6,"title":"Solid Gold Petite Micropave ","price":168,"description":"Satisfaction Guaranteed. Return or exchange any order within 30 days.Designed and sold by Hafeez Center in the United States. Satisfaction Guaranteed. Return or exchange any order within 30 days.","category":"jewelery","image":"https://fakestoreapi.com/img/61sbMiUnoGL._AC_UL640_QL65_ML3_.jpg","rating":{"rate":3.9,"count":70}},{"id":7,"title":"White Gold Plated Princess","price":9.99,"description":"Classic Created Wedding Engagement Solitaire Diamond Promise Ring for Her. Gifts to spoil your love more for Engagement, Wedding, Anniversary, Valentine's Day...","category":"jewelery","image":"https://fakestoreapi.com/img/71YAIFU48IL._AC_UL640_QL65_ML3_.jpg","rating":{"rate":3,"count":400}},{"id":8,"title":"Pierced Owl Rose Gold Plated Stainless Steel Double","price":10.99,"description":"Rose Gold Plated Double Flared Tunnel Plug Earrings. Made of 316L Stainless Steel","category":"jewelery","image":"https://fakestoreapi.com/img/51UDEzMJVpL._AC_UL640_QL65_ML3_.jpg","rating":{"rate":1.9,"count":100}},{"id":9,"title":"WD 2TB Elements Portable External Hard Drive - USB 3.0 ","price":64,"description":"USB 3.0 and USB 2.0 Compatibility Fast data transfers Improve PC Performance High Capacity; Compatibility Formatted NTFS for Windows 10, Windows 8.1, Windows 7; Reformatting may be required for other operating systems; Compatibility may vary depending on user’s hardware configuration and operating system","category":"electronics","image":"https://fakestoreapi.com/img/61IBBVJvSDL._AC_SY879_.jpg","rating":{"rate":3.3,"count":203}},{"id":10,"title":"SanDisk SSD PLUS 1TB Internal SSD - SATA III 6 Gb/s","price":109,"description":"Easy upgrade for faster boot up, shutdown, application load and response (As compared to 5400 RPM SATA 2.5” hard drive; Based on published specifications and internal benchmarking tests using PCMark vantage scores) Boosts burst write performance, making it ideal for typical PC workloads The perfect balance of performance and reliability Read/write speeds of up to 535MB/s/450MB/s (Based on internal testing; Performance may vary depending upon drive capacity, host device, OS and application.)","category":"electronics","image":"https://fakestoreapi.com/img/61U7T1koQqL._AC_SX679_.jpg","rating":{"rate":2.9,"count":470}},{"id":11,"title":"Silicon Power 256GB SSD 3D NAND A55 SLC Cache Performance Boost SATA III 2.5","price":109,"description":"3D NAND flash are applied to deliver high transfer speeds Remarkable transfer speeds that enable faster bootup and improved overall system performance. The advanced SLC Cache Technology allows performance boost and longer lifespan 7mm slim design suitable for Ultrabooks and Ultra-slim notebooks. Supports TRIM command, Garbage Collection technology, RAID, and ECC (Error Checking &amp; Correction) to provide the optimized performance and enhanced reliability.","category":"electronics","image":"https://fakestoreapi.com/img/71kWymZ+c+L._AC_SX679_.jpg","rating":{"rate":4.8,"count":319}},{"id":12,"title":"WD 4TB Gaming Drive Works with Playstation 4 Portable External Hard Drive","price":114,"description":"Expand your PS4 gaming experience, Play anywhere Fast and easy, setup Sleek design with high capacity, 3-year manufacturer's limited warranty","category":"electronics","image":"https://fakestoreapi.com/img/61mtL65D4cL._AC_SX679_.jpg","rating":{"rate":4.8,"count":400}},{"id":13,"title":"Acer SB220Q bi 21.5 inches Full HD (1920 x 1080) IPS Ultra-Thin","price":599,"description":"21. 5 inches Full HD (1920 x 1080) widescreen IPS display And Radeon free Sync technology. No compatibility for VESA Mount Refresh Rate: 75Hz - Using HDMI port Zero-frame design | ultra-thin | 4ms response time | IPS panel Aspect ratio - 16: 9. Color Supported - 16. 7 million colors. Brightness - 250 nit Tilt angle -5 degree to 15 degree. Horizontal viewing angle-178 degree. Vertical viewing angle-178 degree 75 hertz","category":"electronics","image":"https://fakestoreapi.com/img/81QpkIctqPL._AC_SX679_.jpg","rating":{"rate":2.9,"count":250}},{"id":14,"title":"Samsung 49-Inch CHG90 144Hz Curved Gaming Monitor (LC49HG90DMNXZA) – Super Ultrawide Screen QLED ","price":999.99,"description":"49 INCH SUPER ULTRAWIDE 32:9 CURVED GAMING MONITOR with dual 27 inch screen side by side QUANTUM DOT (QLED) TECHNOLOGY, HDR support and factory calibration provides stunningly realistic and accurate color and contrast 144HZ HIGH REFRESH RATE and 1ms ultra fast response time work to eliminate motion blur, ghosting, and reduce input lag","category":"electronics","image":"https://fakestoreapi.com/img/81Zt42ioCgL._AC_SX679_.jpg","rating":{"rate":2.2,"count":140}},{"id":15,"title":"BIYLACLESEN Women's 3-in-1 Snowboard Jacket Winter Coats","price":56.99,"description":"Note:The Jackets is US standard size, Please choose size as your usual wear Material: 100% Polyester; Detachable Liner Fabric: Warm Fleece. Detachable Functional Liner: Skin Friendly, Lightweigt and Warm.Stand Collar Liner jacket, keep you warm in cold weather. Zippered Pockets: 2 Zippered Hand Pockets, 2 Zippered Pockets on Chest (enough to keep cards or keys)and 1 Hidden Pocket Inside.Zippered Hand Pockets and Hidden Pocket keep your things secure. Humanized Design: Adjustable and Detachable Hood and Adjustable cuff to prevent the wind and water,for a comfortable fit. 3 in 1 Detachable Design provide more convenience, you can separate the coat and inner as needed, or wear it together. It is suitable for different season and help you adapt to different climates","category":"women's clothing","image":"https://fakestoreapi.com/img/51Y5NI-I5jL._AC_UX679_.jpg","rating":{"rate":2.6,"count":235}},{"id":16,"title":"Lock and Love Women's Removable Hooded Faux Leather Moto Biker Jacket","price":29.95,"description":"100% POLYURETHANE(shell) 100% POLYESTER(lining) 75% POLYESTER 25% COTTON (SWEATER), Faux leather material for style and comfort / 2 pockets of front, 2-For-One Hooded denim style faux leather jacket, Button detail on waist / Detail stitching at sides, HAND WASH ONLY / DO NOT BLEACH / LINE DRY / DO NOT IRON","category":"women's clothing","image":"https://fakestoreapi.com/img/81XH0e8fefL._AC_UY879_.jpg","rating":{"rate":2.9,"count":340}},{"id":17,"title":"Rain Jacket Women Windbreaker Striped Climbing Raincoats","price":39.99,"description":"Lightweight perfet for trip or casual wear---Long sleeve with hooded, adjustable drawstring waist design. Button and zipper front closure raincoat, fully stripes Lined and The Raincoat has 2 side pockets are a good size to hold all kinds of things, it covers the hips, and the hood is generous but doesn't overdo it.Attached Cotton Lined Hood with Adjustable Drawstrings give it a real styled look.","category":"women's clothing","image":"https://fakestoreapi.com/img/71HblAHs5xL._AC_UY879_-2.jpg","rating":{"rate":3.8,"count":679}},{"id":18,"title":"MBJ Women's Solid Short Sleeve Boat Neck V ","price":9.85,"description":"95% RAYON 5% SPANDEX, Made in USA or Imported, Do Not Bleach, Lightweight fabric with great stretch for comfort, Ribbed on sleeves and neckline / Double stitching on bottom hem","category":"women's clothing","image":"https://fakestoreapi.com/img/71z3kpMAYsL._AC_UY879_.jpg","rating":{"rate":4.7,"count":130}},{"id":19,"title":"Opna Women's Short Sleeve Moisture","price":7.95,"description":"100% Polyester, Machine wash, 100% cationic polyester interlock, Machine Wash &amp; Pre Shrunk for a Great Fit, Lightweight, roomy and highly breathable with moisture wicking fabric which helps to keep moisture away, Soft Lightweight Fabric with comfortable V-neck collar and a slimmer fit, delivers a sleek, ... (set the log level to DEBUG or TRACE to see the full content) 
 </msg>
<msg time="2024-12-06T16:02:42.004895" level="INFO">${response} = &lt;Response [200]&gt;</msg>
<var>${response}</var>
<arg>alias=fakestore</arg>
<arg>url=/products</arg>
<arg>expected_status=any</arg>
<doc>Sends a GET request on a previously created HTTP Session.</doc>
<status status="PASS" start="2024-12-06T16:02:41.000825" elapsed="1.005277"/>
</kw>
<return>
<value>${response}</value>
<status status="PASS" start="2024-12-06T16:02:42.007253" elapsed="0.000988"/>
</return>
<msg time="2024-12-06T16:02:42.009735" level="INFO">${response} = &lt;Response [200]&gt;</msg>
<var>${response}</var>
<status status="PASS" start="2024-12-06T16:02:40.992889" elapsed="1.017555"/>
</kw>
<return>
<value>${response}</value>
<status status="PASS" start="2024-12-06T16:02:42.011081" elapsed="0.000517"/>
</return>
<msg time="2024-12-06T16:02:42.012773" level="INFO">${reponse} = &lt;Response [200]&gt;</msg>
<var>${reponse}</var>
<status status="PASS" start="2024-12-06T16:02:40.990886" elapsed="1.022507"/>
</kw>
<kw name="Then the response status code should be" owner="fakestoreapi">
<kw name="Status Should Be" owner="RequestsLibrary">
<arg>${status_code}</arg>
<arg>${response}</arg>
<doc>Fails if response status code is different than the expected.</doc>
<status status="PASS" start="2024-12-06T16:02:42.018266" elapsed="0.001991"/>
</kw>
<arg>200</arg>
<arg>${reponse}</arg>
<status status="PASS" start="2024-12-06T16:02:42.015377" elapsed="0.006340"/>
</kw>
<kw name="Then response body should contains data" owner="fakestoreapi">
<kw name="Should Not Be Empty" owner="BuiltIn">
<msg time="2024-12-06T16:02:42.030164" level="INFO">Length is 10620.</msg>
<arg>${response.content}</arg>
<doc>Verifies that the given item is not empty.</doc>
<status status="PASS" start="2024-12-06T16:02:42.025437" elapsed="0.007334"/>
</kw>
<arg>${reponse}</arg>
<status status="PASS" start="2024-12-06T16:02:42.023382" elapsed="0.010901"/>
</kw>
<status status="PASS" start="2024-12-06T16:02:40.987438" elapsed="1.049248"/>
</test>
<test id="s1-t2" name="Verify Get Product By Id" line="13">
<kw name="When I send a request to get /products/id" owner="fakestoreapi">
<kw name="When I send a GET request to /products/id" owner="fakestoreapi_service">
<kw name="Create fakestore session" owner="fakestoreapi_service">
<kw name="Create Session" owner="RequestsLibrary">
<msg time="2024-12-06T16:02:42.050093" level="INFO">Creating Session using : alias=fakestore, url=https://fakestoreapi.com, headers={},                     cookies={}, auth=None, timeout=None, proxies=None, verify=False,                     debug=0 </msg>
<arg>alias=fakestore</arg>
<arg>url=${BASE_URL}</arg>
<arg>disable_warnings=True</arg>
<doc>Create Session: create a HTTP session to a server</doc>
<status status="PASS" start="2024-12-06T16:02:42.048711" elapsed="0.002161"/>
</kw>
<status status="PASS" start="2024-12-06T16:02:42.047214" elapsed="0.004108"/>
</kw>
<kw name="GET On Session" owner="RequestsLibrary">
<msg time="2024-12-06T16:02:42.847594" level="INFO">GET Request : url=https://fakestoreapi.com/products/1 
 path_url=/products/1 
 headers={'User-Agent': 'python-requests/2.32.3', 'Accept-Encoding': 'gzip, deflate', 'Accept': '*/*', 'Connection': 'keep-alive'} 
 body=None 
 </msg>
<msg time="2024-12-06T16:02:42.849737" level="INFO">GET Response : url=https://fakestoreapi.com/products/1 
 status=200, reason=OK 
 headers={'Date': 'Fri, 06 Dec 2024 19:02:42 GMT', 'Content-Type': 'application/json; charset=utf-8', 'Transfer-Encoding': 'chunked', 'Connection': 'keep-alive', 'access-control-allow-origin': '*', 'etag': 'W/"16c-MMdrqY6N0sTiefLdsgtBej9eunY"', 'x-powered-by': 'Express', 'cf-cache-status': 'DYNAMIC', 'Report-To': '{"endpoints":[{"url":"https:\\/\\/a.nel.cloudflare.com\\/report\\/v4?s=cvucaBbimzHcmYnhfALsda%2FWp2SVFJqf4A3z17NChNwQCq9N78Qp52JmMK%2Fz9%2Ff%2FPCzqWgilzL8w7r8jKuwTM51Ie6ha3QwtHJ1z4hJwJc5km6PpU%2FQbJAzOMvsZu7I58VbU%2FJPewLED6NDwFV%2B%2F"}],"group":"cf-nel","max_age":604800}', 'NEL': '{"success_fraction":0,"report_to":"cf-nel","max_age":604800}', 'Server': 'cloudflare', 'CF-RAY': '8ede88212c42cb0b-GIG', 'Content-Encoding': 'gzip', 'alt-svc': 'h3=":443"; ma=86400', 'server-timing': 'cfL4;desc="?proto=TCP&amp;rtt=10427&amp;min_rtt=10319&amp;rtt_var=2262&amp;sent=6&amp;recv=8&amp;lost=0&amp;retrans=0&amp;sent_bytes=2831&amp;recv_bytes=475&amp;delivery_rate=389332&amp;cwnd=253&amp;unsent_bytes=0&amp;cid=dd107cbd8c91ba4a&amp;ts=757&amp;x=0"'} 
 body={"id":1,"title":"Fjallraven - Foldsack No. 1 Backpack, Fits 15 Laptops","price":109.95,"description":"Your perfect pack for everyday use and walks in the forest. Stash your laptop (up to 15 inches) in the padded sleeve, your everyday","category":"men's clothing","image":"https://fakestoreapi.com/img/81fPKd-2AYL._AC_SL1500_.jpg","rating":{"rate":3.9,"count":120}} 
 </msg>
<msg time="2024-12-06T16:02:42.851003" level="INFO">${response} = &lt;Response [200]&gt;</msg>
<var>${response}</var>
<arg>alias=fakestore</arg>
<arg>url=/products/${id}</arg>
<arg>expected_status=any</arg>
<doc>Sends a GET request on a previously created HTTP Session.</doc>
<status status="PASS" start="2024-12-06T16:02:42.051851" elapsed="0.799695"/>
</kw>
<return>
<value>${response}</value>
<status status="PASS" start="2024-12-06T16:02:42.852386" elapsed="0.000598"/>
</return>
<msg time="2024-12-06T16:02:42.854136" level="INFO">${response} = &lt;Response [200]&gt;</msg>
<var>${response}</var>
<arg>${id}</arg>
<status status="PASS" start="2024-12-06T16:02:42.045518" elapsed="0.809334"/>
</kw>
<return>
<value>${response}</value>
<status status="PASS" start="2024-12-06T16:02:42.855466" elapsed="0.000568"/>
</return>
<msg time="2024-12-06T16:02:42.857228" level="INFO">${reponse} = &lt;Response [200]&gt;</msg>
<var>${reponse}</var>
<arg>1</arg>
<status status="PASS" start="2024-12-06T16:02:42.043044" elapsed="0.814755"/>
</kw>
<kw name="Then the response status code should be" owner="fakestoreapi">
<kw name="Status Should Be" owner="RequestsLibrary">
<arg>${status_code}</arg>
<arg>${response}</arg>
<doc>Fails if response status code is different than the expected.</doc>
<status status="PASS" start="2024-12-06T16:02:42.861984" elapsed="0.001794"/>
</kw>
<arg>200</arg>
<arg>${reponse}</arg>
<status status="PASS" start="2024-12-06T16:02:42.859654" elapsed="0.004796"/>
</kw>
<kw name="Then response body should contains product data" owner="fakestoreapi">
<kw name="Convert String To Json" owner="JSONLibrary">
<msg time="2024-12-06T16:02:42.871410" level="INFO">${response_data} = {'id': 1, 'title': 'Fjallraven - Foldsack No. 1 Backpack, Fits 15 Laptops', 'price': 109.95, 'description': 'Your perfect pack for everyday use and walks in the forest. Stash your laptop (up to 15 inc...</msg>
<var>${response_data}</var>
<arg>${response.content}</arg>
<doc>Convert String to JSON object</doc>
<status status="PASS" start="2024-12-06T16:02:42.868278" elapsed="0.003874"/>
</kw>
<kw name="Should Be Equal As Numbers" owner="BuiltIn">
<msg time="2024-12-06T16:02:42.900186" level="INFO">Argument types are:
&lt;class 'int'&gt;
&lt;class 'str'&gt;</msg>
<arg>${response_data['id']}</arg>
<arg>1</arg>
<doc>Fails if objects are unequal after converting them to real numbers.</doc>
<status status="PASS" start="2024-12-06T16:02:42.872942" elapsed="0.030104"/>
</kw>
<kw name="Should Be Equal" owner="BuiltIn">
<arg>${response_data['title']}</arg>
<arg>Fjallraven - Foldsack No. 1 Backpack, Fits 15 Laptops</arg>
<doc>Fails if the given objects are unequal.</doc>
<status status="PASS" start="2024-12-06T16:02:42.903791" elapsed="0.002364"/>
</kw>
<kw name="Should Be Equal As Numbers" owner="BuiltIn">
<msg time="2024-12-06T16:02:42.913877" level="INFO">Argument types are:
&lt;class 'float'&gt;
&lt;class 'str'&gt;</msg>
<arg>${response_data['price']}</arg>
<arg>109.95</arg>
<doc>Fails if objects are unequal after converting them to real numbers.</doc>
<status status="PASS" start="2024-12-06T16:02:42.908266" elapsed="0.006080"/>
</kw>
<kw name="Should Be Equal" owner="BuiltIn">
<arg>${response_data['description']}</arg>
<arg>Your perfect pack for everyday use and walks in the forest. Stash your laptop (up to 15 inches) in the padded sleeve, your everyday</arg>
<doc>Fails if the given objects are unequal.</doc>
<status status="PASS" start="2024-12-06T16:02:42.914873" elapsed="0.001631"/>
</kw>
<kw name="Should Be Equal" owner="BuiltIn">
<arg>${response_data['category']}</arg>
<arg>men's clothing</arg>
<doc>Fails if the given objects are unequal.</doc>
<status status="PASS" start="2024-12-06T16:02:42.917173" elapsed="0.001506"/>
</kw>
<kw name="Should Be Equal" owner="BuiltIn">
<arg>${response_data['image']}</arg>
<arg>https://fakestoreapi.com/img/81fPKd-2AYL._AC_SL1500_.jpg</arg>
<doc>Fails if the given objects are unequal.</doc>
<status status="PASS" start="2024-12-06T16:02:42.919117" elapsed="0.001403"/>
</kw>
<kw name="Should Be Equal As Numbers" owner="BuiltIn">
<msg time="2024-12-06T16:02:42.922297" level="INFO">Argument types are:
&lt;class 'float'&gt;
&lt;class 'str'&gt;</msg>
<arg>${response_data['rating']['rate']}</arg>
<arg>3.9</arg>
<doc>Fails if objects are unequal after converting them to real numbers.</doc>
<status status="PASS" start="2024-12-06T16:02:42.920956" elapsed="0.001728"/>
</kw>
<kw name="Should Be Equal As Numbers" owner="BuiltIn">
<msg time="2024-12-06T16:02:42.924534" level="INFO">Argument types are:
&lt;class 'int'&gt;
&lt;class 'str'&gt;</msg>
<arg>${response_data['rating']['count']}</arg>
<arg>120</arg>
<doc>Fails if objects are unequal after converting them to real numbers.</doc>
<status status="PASS" start="2024-12-06T16:02:42.923188" elapsed="0.001670"/>
</kw>
<arg>${reponse}</arg>
<status status="PASS" start="2024-12-06T16:02:42.866285" elapsed="0.058896"/>
</kw>
<status status="PASS" start="2024-12-06T16:02:42.040426" elapsed="0.885239"/>
</test>
<test id="s1-t3" name="Verify Add Product" line="18">
<kw name="When I send a request post to /products" owner="fakestoreapi">
<kw name="When I send a POST request to /products" owner="fakestoreapi_service">
<kw name="Create fakestore session" owner="fakestoreapi_service">
<kw name="Create Session" owner="RequestsLibrary">
<msg time="2024-12-06T16:02:42.931228" level="INFO">Creating Session using : alias=fakestore, url=https://fakestoreapi.com, headers={},                     cookies={}, auth=None, timeout=None, proxies=None, verify=False,                     debug=0 </msg>
<arg>alias=fakestore</arg>
<arg>url=${BASE_URL}</arg>
<arg>disable_warnings=True</arg>
<doc>Create Session: create a HTTP session to a server</doc>
<status status="PASS" start="2024-12-06T16:02:42.930255" elapsed="0.001528"/>
</kw>
<status status="PASS" start="2024-12-06T16:02:42.929535" elapsed="0.002575"/>
</kw>
<kw name="Load Json From File" owner="JSONLibrary">
<msg time="2024-12-06T16:02:42.934936" level="INFO">${body} = {'title': 'new product', 'price': 0, 'description': 'new description here', 'image': 'https://i.pravatar.cc/300', 'category': 'gadgets'}</msg>
<var>${body}</var>
<arg>${CURRENT_PATH}/add_product.json</arg>
<doc>Load JSON from file.</doc>
<status status="PASS" start="2024-12-06T16:02:42.932502" elapsed="0.003220"/>
</kw>
<kw name="Set To Dictionary" owner="Collections">
<arg>${body}</arg>
<arg>price</arg>
<arg>33.0</arg>
<doc>Adds the given ``key_value_pairs`` and/or ``items`` to the ``dictionary``.</doc>
<status status="PASS" start="2024-12-06T16:02:42.936939" elapsed="0.001498"/>
</kw>
<kw name="POST On Session" owner="RequestsLibrary">
<msg time="2024-12-06T16:02:43.281246" level="INFO">POST Request : url=https://fakestoreapi.com/products 
 path_url=/products 
 headers={'User-Agent': 'python-requests/2.32.3', 'Accept-Encoding': 'gzip, deflate', 'Accept': '*/*', 'Connection': 'keep-alive', 'Content-Length': '141', 'Content-Type': 'application/json'} 
 body=b'{"title": "new product", "price": "33.0", "description": "new description here", "image": "https://i.pravatar.cc/300", "category": "gadgets"}' 
 </msg>
<msg time="2024-12-06T16:02:43.283198" level="INFO">POST Response : url=https://fakestoreapi.com/products 
 status=200, reason=OK 
 headers={'Date': 'Fri, 06 Dec 2024 19:02:43 GMT', 'Content-Type': 'application/json; charset=utf-8', 'Transfer-Encoding': 'chunked', 'Connection': 'keep-alive', 'access-control-allow-origin': '*', 'etag': 'W/"8c-3iG5xUBh4WyzO4pZVMG1hQ0Nmn4"', 'x-powered-by': 'Express', 'cf-cache-status': 'DYNAMIC', 'Report-To': '{"endpoints":[{"url":"https:\\/\\/a.nel.cloudflare.com\\/report\\/v4?s=HVKCYdYbb3TZc13Mhqsgfe0pdloda1Kvp9jZAcT9ZyidASZHW2cQHJbSkEgaTICQkgSjFwRR5C9tE1TtRHpot0cLQMUslTp%2BjbqcRsZHotHhIc3H2DWDQW5IeLFHd%2BW%2B1sRzPIzUaCWCNAtl7Z2A"}],"group":"cf-nel","max_age":604800}', 'NEL': '{"success_fraction":0,"report_to":"cf-nel","max_age":604800}', 'Server': 'cloudflare', 'CF-RAY': '8ede8826bbbf64df-GIG', 'Content-Encoding': 'gzip', 'alt-svc': 'h3=":443"; ma=86400', 'server-timing': 'cfL4;desc="?proto=TCP&amp;rtt=10833&amp;min_rtt=10338&amp;rtt_var=3281&amp;sent=6&amp;recv=8&amp;lost=0&amp;retrans=0&amp;sent_bytes=2831&amp;recv_bytes=697&amp;delivery_rate=380898&amp;cwnd=253&amp;unsent_bytes=0&amp;cid=ab20cdf8f88f4443&amp;ts=303&amp;x=0"'} 
 body={"id":21,"title":"new product","price":"33.0","description":"new description here","image":"https://i.pravatar.cc/300","category":"gadgets"} 
 </msg>
<msg time="2024-12-06T16:02:43.284849" level="INFO">${response} = &lt;Response [200]&gt;</msg>
<var>${response}</var>
<arg>alias=fakestore</arg>
<arg>url=/products</arg>
<arg>expected_status=any</arg>
<arg>json=${body}</arg>
<doc>Sends a POST request on a previously created HTTP Session.</doc>
<status status="PASS" start="2024-12-06T16:02:42.939003" elapsed="0.346854"/>
</kw>
<return>
<value>${response}</value>
<status status="PASS" start="2024-12-06T16:02:43.286761" elapsed="0.000613"/>
</return>
<msg time="2024-12-06T16:02:43.288756" level="INFO">${response} = &lt;Response [200]&gt;</msg>
<var>${response}</var>
<status status="PASS" start="2024-12-06T16:02:42.928700" elapsed="0.360607"/>
</kw>
<return>
<value>${response}</value>
<status status="PASS" start="2024-12-06T16:02:43.289911" elapsed="0.000487"/>
</return>
<msg time="2024-12-06T16:02:43.291499" level="INFO">${reponse} = &lt;Response [200]&gt;</msg>
<var>${reponse}</var>
<status status="PASS" start="2024-12-06T16:02:42.927693" elapsed="0.364352"/>
</kw>
<kw name="Then the response status code should be" owner="fakestoreapi">
<kw name="Status Should Be" owner="RequestsLibrary">
<arg>${status_code}</arg>
<arg>${response}</arg>
<doc>Fails if response status code is different than the expected.</doc>
<status status="PASS" start="2024-12-06T16:02:43.296270" elapsed="0.001599"/>
</kw>
<arg>200</arg>
<arg>${reponse}</arg>
<status status="PASS" start="2024-12-06T16:02:43.293757" elapsed="0.004754"/>
</kw>
<kw name="Then response body should contains new product data" owner="fakestoreapi">
<kw name="Convert String To Json" owner="JSONLibrary">
<msg time="2024-12-06T16:02:43.305514" level="INFO">${response_data} = {'id': 21, 'title': 'new product', 'price': '33.0', 'description': 'new description here', 'image': 'https://i.pravatar.cc/300', 'category': 'gadgets'}</msg>
<var>${response_data}</var>
<arg>${response.content}</arg>
<doc>Convert String to JSON object</doc>
<status status="PASS" start="2024-12-06T16:02:43.302191" elapsed="0.004072"/>
</kw>
<kw name="Should Be Equal As Numbers" owner="BuiltIn">
<msg time="2024-12-06T16:02:43.309678" level="INFO">Argument types are:
&lt;class 'int'&gt;
&lt;class 'str'&gt;</msg>
<arg>${response_data['id']}</arg>
<arg>21</arg>
<doc>Fails if objects are unequal after converting them to real numbers.</doc>
<status status="PASS" start="2024-12-06T16:02:43.307239" elapsed="0.002995"/>
</kw>
<kw name="Should Be Equal" owner="BuiltIn">
<arg>${response_data['title']}</arg>
<arg>new product</arg>
<doc>Fails if the given objects are unequal.</doc>
<status status="PASS" start="2024-12-06T16:02:43.310974" elapsed="0.002579"/>
</kw>
<kw name="Should Be Equal As Numbers" owner="BuiltIn">
<arg>${response_data['price']}</arg>
<arg>33.0</arg>
<doc>Fails if objects are unequal after converting them to real numbers.</doc>
<status status="PASS" start="2024-12-06T16:02:43.314318" elapsed="0.002343"/>
</kw>
<kw name="Should Be Equal" owner="BuiltIn">
<arg>${response_data['description']}</arg>
<arg>new description here</arg>
<doc>Fails if the given objects are unequal.</doc>
<status status="PASS" start="2024-12-06T16:02:43.317543" elapsed="0.002097"/>
</kw>
<kw name="Should Be Equal" owner="BuiltIn">
<arg>${response_data['category']}</arg>
<arg>gadgets</arg>
<doc>Fails if the given objects are unequal.</doc>
<status status="PASS" start="2024-12-06T16:02:43.320284" elapsed="0.002293"/>
</kw>
<kw name="Should Be Equal" owner="BuiltIn">
<arg>${response_data['image']}</arg>
<arg>https://i.pravatar.cc/300</arg>
<doc>Fails if the given objects are unequal.</doc>
<status status="PASS" start="2024-12-06T16:02:43.323292" elapsed="0.006224"/>
</kw>
<arg>${reponse}</arg>
<status status="PASS" start="2024-12-06T16:02:43.300109" elapsed="0.030940"/>
</kw>
<status status="PASS" start="2024-12-06T16:02:42.926389" elapsed="0.422949"/>
</test>
<test id="s1-t4" name="Verify Delete Product" line="23">
<kw name="When I send a request delete to /products/id" owner="fakestoreapi">
<kw name="When I send a DELETE request to /products/id" owner="fakestoreapi_service">
<kw name="Create fakestore session" owner="fakestoreapi_service">
<kw name="Create Session" owner="RequestsLibrary">
<msg time="2024-12-06T16:02:43.361964" level="INFO">Creating Session using : alias=fakestore, url=https://fakestoreapi.com, headers={},                     cookies={}, auth=None, timeout=None, proxies=None, verify=False,                     debug=0 </msg>
<arg>alias=fakestore</arg>
<arg>url=${BASE_URL}</arg>
<arg>disable_warnings=True</arg>
<doc>Create Session: create a HTTP session to a server</doc>
<status status="PASS" start="2024-12-06T16:02:43.361047" elapsed="0.001486"/>
</kw>
<status status="PASS" start="2024-12-06T16:02:43.360053" elapsed="0.002817"/>
</kw>
<kw name="DELETE On Session" owner="RequestsLibrary">
<msg time="2024-12-06T16:02:44.254406" level="INFO">DELETE Request : url=https://fakestoreapi.com/products/21 
 path_url=/products/21 
 headers={'User-Agent': 'python-requests/2.32.3', 'Accept-Encoding': 'gzip, deflate', 'Accept': '*/*', 'Connection': 'keep-alive', 'Content-Length': '0'} 
 body=None 
 </msg>
<msg time="2024-12-06T16:02:44.255791" level="INFO">DELETE Response : url=https://fakestoreapi.com/products/21 
 status=200, reason=OK 
 headers={'Date': 'Fri, 06 Dec 2024 19:02:44 GMT', 'Content-Type': 'application/json; charset=utf-8', 'Content-Length': '4', 'Connection': 'keep-alive', 'access-control-allow-origin': '*', 'etag': 'W/"4-K+iMpCQsduglOsYkdIUQZQMtaDM"', 'x-powered-by': 'Express', 'cf-cache-status': 'DYNAMIC', 'Report-To': '{"endpoints":[{"url":"https:\\/\\/a.nel.cloudflare.com\\/report\\/v4?s=vKxEQPKm36rrhS2mX551PogbA5Y8Wae%2FUnk5iRKMiRvwEMTlA4%2FJx0g62LXQhS4AbA5e0QgTokEn28ZH4ooLmtmc0HSB1Y8VYz5J%2Bc337X6DWOWIQ0ncvk9sm1B6IgLc8RkcjO4Rbq9p%2FDy7Dy4L"}],"group":"cf-nel","max_age":604800}', 'NEL': '{"success_fraction":0,"report_to":"cf-nel","max_age":604800}', 'Server': 'cloudflare', 'CF-RAY': '8ede88295c4ddf55-GIG', 'alt-svc': 'h3=":443"; ma=86400', 'server-timing': 'cfL4;desc="?proto=TCP&amp;rtt=11101&amp;min_rtt=10889&amp;rtt_var=2595&amp;sent=6&amp;recv=8&amp;lost=0&amp;retrans=0&amp;sent_bytes=2831&amp;recv_bytes=498&amp;delivery_rate=345788&amp;cwnd=253&amp;unsent_bytes=0&amp;cid=a889cfe3b632589e&amp;ts=852&amp;x=0"'} 
 body=null 
 </msg>
<msg time="2024-12-06T16:02:44.256922" level="INFO">${response} = &lt;Response [200]&gt;</msg>
<var>${response}</var>
<arg>alias=fakestore</arg>
<arg>url=/products/${id}</arg>
<arg>expected_status=any</arg>
<doc>Sends a DELETE request on a previously created HTTP Session.</doc>
<status status="PASS" start="2024-12-06T16:02:43.363305" elapsed="0.894151"/>
</kw>
<return>
<value>${response}</value>
<status status="PASS" start="2024-12-06T16:02:44.258264" elapsed="0.000571"/>
</return>
<msg time="2024-12-06T16:02:44.260001" level="INFO">${response} = &lt;Response [200]&gt;</msg>
<var>${response}</var>
<arg>${id}</arg>
<status status="PASS" start="2024-12-06T16:02:43.358821" elapsed="0.901702"/>
</kw>
<return>
<value>${response}</value>
<status status="PASS" start="2024-12-06T16:02:44.261420" elapsed="0.000567"/>
</return>
<msg time="2024-12-06T16:02:44.263169" level="INFO">${reponse} = &lt;Response [200]&gt;</msg>
<var>${reponse}</var>
<arg>21</arg>
<status status="PASS" start="2024-12-06T16:02:43.352666" elapsed="0.911061"/>
</kw>
<kw name="Then the response status code should be" owner="fakestoreapi">
<kw name="Status Should Be" owner="RequestsLibrary">
<arg>${status_code}</arg>
<arg>${response}</arg>
<doc>Fails if response status code is different than the expected.</doc>
<status status="PASS" start="2024-12-06T16:02:44.268209" elapsed="0.001591"/>
</kw>
<arg>200</arg>
<arg>${reponse}</arg>
<status status="PASS" start="2024-12-06T16:02:44.265800" elapsed="0.004659"/>
</kw>
<kw name="Then response body should be null" owner="fakestoreapi">
<kw name="Convert To String" owner="BuiltIn">
<msg time="2024-12-06T16:02:44.278088" level="INFO">${response_content} = null</msg>
<var>${response_content}</var>
<arg>${response.content}</arg>
<doc>Converts the given item to a Unicode string.</doc>
<status status="PASS" start="2024-12-06T16:02:44.274815" elapsed="0.003742"/>
</kw>
<kw name="Should Be Equal" owner="BuiltIn">
<arg>${response_content}</arg>
<arg>null</arg>
<doc>Fails if the given objects are unequal.</doc>
<status status="PASS" start="2024-12-06T16:02:44.279317" elapsed="0.001271"/>
</kw>
<arg>${reponse}</arg>
<status status="PASS" start="2024-12-06T16:02:44.272688" elapsed="0.008450"/>
</kw>
<status status="PASS" start="2024-12-06T16:02:43.350678" elapsed="0.931431"/>
</test>
<status status="PASS" start="2024-12-06T16:02:40.703548" elapsed="3.580902"/>
</suite>
<statistics>
<total>
<stat pass="4" fail="0" skip="0">All Tests</stat>
</total>
<tag>
</tag>
<suite>
<stat pass="4" fail="0" skip="0" id="s1" name="Fakestoreapi">Fakestoreapi</stat>
</suite>
</statistics>
<errors>
<msg time="2024-12-06T16:02:40.862959" level="WARN">Error in file '/Users/jp/Documents/Projects/template-python-api-tests/resources/fakestoreapi.resource' on line 10: The '[Return]' setting is deprecated. Use the 'RETURN' statement instead.</msg>
<msg time="2024-12-06T16:02:40.863515" level="WARN">Error in file '/Users/jp/Documents/Projects/template-python-api-tests/resources/fakestoreapi.resource' on line 15: The '[Return]' setting is deprecated. Use the 'RETURN' statement instead.</msg>
<msg time="2024-12-06T16:02:40.863819" level="WARN">Error in file '/Users/jp/Documents/Projects/template-python-api-tests/resources/fakestoreapi.resource' on line 19: The '[Return]' setting is deprecated. Use the 'RETURN' statement instead.</msg>
<msg time="2024-12-06T16:02:40.864164" level="WARN">Error in file '/Users/jp/Documents/Projects/template-python-api-tests/resources/fakestoreapi.resource' on line 24: The '[Return]' setting is deprecated. Use the 'RETURN' statement instead.</msg>
<msg time="2024-12-06T16:02:40.982169" level="WARN">Error in file '/Users/jp/Documents/Projects/template-python-api-tests/services/fakestoreapi_service.resource' on line 25: The '[Return]' setting is deprecated. Use the 'RETURN' statement instead.</msg>
<msg time="2024-12-06T16:02:40.982584" level="WARN">Error in file '/Users/jp/Documents/Projects/template-python-api-tests/services/fakestoreapi_service.resource' on line 36: The '[Return]' setting is deprecated. Use the 'RETURN' statement instead.</msg>
<msg time="2024-12-06T16:02:40.982978" level="WARN">Error in file '/Users/jp/Documents/Projects/template-python-api-tests/services/fakestoreapi_service.resource' on line 50: The '[Return]' setting is deprecated. Use the 'RETURN' statement instead.</msg>
<msg time="2024-12-06T16:02:40.983356" level="WARN">Error in file '/Users/jp/Documents/Projects/template-python-api-tests/services/fakestoreapi_service.resource' on line 61: The '[Return]' setting is deprecated. Use the 'RETURN' statement instead.</msg>
</errors>
</robot>
